Mar 20, 2019 6:19:58 PM main.java.com.controller.Protocol writeLog
INFO: CLIENTE: STRT
Mar 20, 2019 6:19:58 PM main.java.com.controller.Protocol writeLog
INFO: CLIENTE: 234
Mar 20, 2019 6:19:58 PM main.java.com.controller.Protocol writeLog
INFO: SERVIDOR: INIT 100
Mar 20, 2019 6:20:02 PM main.java.com.controller.Protocol writeLog
INFO: CLIENTE: CASH
Mar 20, 2019 6:20:02 PM main.java.com.controller.Protocol writeLog
INFO: SERVIDOR: IDCK J♣
Mar 20, 2019 6:20:02 PM main.java.com.controller.Protocol writeLog
INFO: SERVIDOR: IDCK 5♠
Mar 20, 2019 6:20:02 PM main.java.com.controller.Protocol writeLog
INFO: SERVIDOR: SHOW 9♦
Mar 20, 2019 6:23:19 PM main.java.com.controller.Protocol writeLog
INFO: CLIENTE: SRND
Mar 20, 2019 6:23:19 PM main.java.com.controller.Protocol writeLog
INFO: SERVIDOR: WINS
Mar 20, 2019 6:23:27 PM main.java.com.controller.Protocol writeLog
INFO: CLIENTE: RPLY
Mar 20, 2019 6:23:27 PM main.java.com.controller.Protocol writeLog
INFO: SERVIDOR: INIT 100
Mar 20, 2019 6:23:27 PM main.java.com.controller.Protocol writeLog
INFO: SERVIDOR: IDCK 2♦
Mar 20, 2019 6:23:27 PM main.java.com.controller.Protocol writeLog
INFO: SERVIDOR: IDCK 6♣
Mar 20, 2019 6:23:27 PM main.java.com.controller.Protocol writeLog
INFO: SERVIDOR: SHOW 5♠
Mar 20, 2019 6:23:27 PM main.java.com.controller.Protocol writeLog
INFO: CLIENTE: CASH
Mar 20, 2019 6:23:27 PM main.java.com.controller.Protocol writeLog
INFO: SERVIDOR: IDCK 2♦
Mar 20, 2019 6:23:27 PM main.java.com.controller.Protocol writeLog
INFO: SERVIDOR: IDCK 6♣
Mar 20, 2019 6:23:27 PM main.java.com.controller.Protocol writeLog
INFO: SERVIDOR: SHOW 5♠
Mar 20, 2019 6:23:34 PM main.java.com.controller.Protocol writeLog
INFO: CLIENTE: HITT
Mar 20, 2019 6:23:34 PM main.java.com.controller.Protocol writeLog
INFO: SERVIDOR: CARD 8♣
Mar 20, 2019 6:23:38 PM main.java.com.controller.Protocol writeLog
INFO: CLIENTE: SHOW
Mar 20, 2019 6:23:38 PM main.java.com.controller.Protocol writeLog
INFO: CLIENTE: SD
Mar 20, 2019 6:23:38 PM main.java.com.controller.Protocol writeLog
INFO: CLIENTE: SH
Mar 20, 2019 6:23:38 PM main.java.com.controller.Protocol writeLog
INFO: CLIENTE: SD
Mar 20, 2019 6:23:38 PM main.java.com.controller.Protocol writeLog
INFO: CLIENTE: SH
Mar 20, 2019 6:23:38 PM main.java.com.controller.Protocol writeLog
INFO: CLIENTE: SH
Mar 20, 2019 6:23:38 PM main.java.com.controller.Protocol writeLog
INFO: SERVIDOR: SHOW 5♠
Mar 20, 2019 6:23:38 PM main.java.com.controller.Protocol writeLog
INFO: SERVIDOR: SHOW 7♦
Mar 20, 2019 6:23:38 PM main.java.com.controller.Protocol writeLog
INFO: SERVIDOR: WINS 2 100
Mar 20, 2019 6:26:29 PM main.java.com.controller.Protocol writeLog
INFO: CLIENTE: STRT
Mar 20, 2019 6:26:29 PM main.java.com.controller.Protocol writeLog
INFO: CLIENTE: 123
Mar 20, 2019 6:26:29 PM main.java.com.controller.Protocol writeLog
INFO: SERVIDOR: INIT 100
Mar 20, 2019 6:26:32 PM main.java.com.controller.Protocol writeLog
INFO: CLIENTE: CASH
Mar 20, 2019 6:26:32 PM main.java.com.controller.Protocol writeLog
INFO: SERVIDOR: IDCK Q♥
Mar 20, 2019 6:26:32 PM main.java.com.controller.Protocol writeLog
INFO: SERVIDOR: IDCK 5♣
Mar 20, 2019 6:26:32 PM main.java.com.controller.Protocol writeLog
INFO: SERVIDOR: SHOW 10♣
Mar 20, 2019 6:26:39 PM main.java.com.controller.Protocol writeLog
INFO: CLIENTE: HITT
Mar 20, 2019 6:26:39 PM main.java.com.controller.Protocol writeLog
INFO: SERVIDOR: CARD 10♥
Mar 20, 2019 6:26:41 PM main.java.com.controller.Protocol writeLog
INFO: CLIENTE: SHOW
Mar 20, 2019 6:26:41 PM main.java.com.controller.Protocol writeLog
INFO: CLIENTE: SC
Mar 20, 2019 6:26:42 PM main.java.com.controller.Protocol writeLog
INFO: CLIENTE: CH
Mar 20, 2019 6:26:42 PM main.java.com.controller.Protocol writeLog
INFO: CLIENTE: SC
Mar 20, 2019 6:26:42 PM main.java.com.controller.Protocol writeLog
INFO: SERVIDOR: SHOW 10♣
Mar 20, 2019 6:26:42 PM main.java.com.controller.Protocol writeLog
INFO: SERVIDOR: SHOW 3♦
Mar 20, 2019 6:26:42 PM main.java.com.controller.Protocol writeLog
INFO: SERVIDOR: WINS 2 100
Mar 20, 2019 6:26:48 PM main.java.com.controller.Protocol writeLog
INFO: CLIENTE: RPLY
Mar 20, 2019 6:26:48 PM main.java.com.controller.Protocol writeLog
INFO: SERVIDOR: INIT 100
Mar 20, 2019 6:26:48 PM main.java.com.controller.Protocol writeLog
INFO: SERVIDOR: IDCK A♠
Mar 20, 2019 6:26:48 PM main.java.com.controller.Protocol writeLog
INFO: SERVIDOR: IDCK 10♥
Mar 20, 2019 6:26:48 PM main.java.com.controller.Protocol writeLog
INFO: SERVIDOR: SHOW K♣
Mar 20, 2019 6:26:48 PM main.java.com.controller.Protocol writeLog
INFO: CLIENTE: CASH
Mar 20, 2019 6:26:48 PM main.java.com.controller.Protocol writeLog
INFO: SERVIDOR: IDCK A♠
Mar 20, 2019 6:26:48 PM main.java.com.controller.Protocol writeLog
INFO: SERVIDOR: IDCK 10♥
Mar 20, 2019 6:26:48 PM main.java.com.controller.Protocol writeLog
INFO: SERVIDOR: SHOW K♣
Mar 20, 2019 6:26:54 PM main.java.com.controller.Protocol writeLog
INFO: CLIENTE: BETT
Mar 20, 2019 6:26:58 PM main.java.com.controller.Protocol writeLog
INFO: CLIENTE: SHOW
Mar 20, 2019 6:26:58 PM main.java.com.controller.Protocol writeLog
INFO: CLIENTE: SS
Mar 20, 2019 6:26:58 PM main.java.com.controller.Protocol writeLog
INFO: CLIENTE: SC
Mar 20, 2019 6:26:58 PM main.java.com.controller.Protocol writeLog
INFO: SERVIDOR: SHOW K♣
Mar 20, 2019 6:26:58 PM main.java.com.controller.Protocol writeLog
INFO: SERVIDOR: SHOW 9♦
Mar 20, 2019 6:26:58 PM main.java.com.controller.Protocol writeLog
INFO: SERVIDOR: WINS 2 200
Mar 20, 2019 6:28:21 PM main.java.com.controller.Protocol writeLog
INFO: CLIENTE: STRT
Mar 20, 2019 6:28:21 PM main.java.com.controller.Protocol writeLog
INFO: CLIENTE: 1234
Mar 20, 2019 6:28:21 PM main.java.com.controller.Protocol writeLog
INFO: SERVIDOR: INIT 100
Mar 20, 2019 6:28:24 PM main.java.com.controller.Protocol writeLog
INFO: CLIENTE: CASH
Mar 20, 2019 6:28:24 PM main.java.com.controller.Protocol writeLog
INFO: SERVIDOR: IDCK 4♠
Mar 20, 2019 6:28:24 PM main.java.com.controller.Protocol writeLog
INFO: SERVIDOR: IDCK J♦
Mar 20, 2019 6:28:24 PM main.java.com.controller.Protocol writeLog
INFO: SERVIDOR: SHOW 8♦
Mar 20, 2019 6:28:28 PM main.java.com.controller.Protocol writeLog
INFO: CLIENTE: HITT
Mar 20, 2019 6:28:28 PM main.java.com.controller.Protocol writeLog
INFO: SERVIDOR: CARD J♥
Mar 20, 2019 6:28:30 PM main.java.com.controller.Protocol writeLog
INFO: CLIENTE: SHOW
Mar 20, 2019 6:28:30 PM main.java.com.controller.Protocol writeLog
INFO: CLIENTE: DS
Mar 20, 2019 6:28:30 PM main.java.com.controller.Protocol writeLog
INFO: CLIENTE: SD
Mar 20, 2019 6:28:30 PM main.java.com.controller.Protocol writeLog
INFO: CLIENTE: SC
Mar 20, 2019 6:28:30 PM main.java.com.controller.Protocol writeLog
INFO: SERVIDOR: SHOW 8♦
Mar 20, 2019 6:28:30 PM main.java.com.controller.Protocol writeLog
INFO: SERVIDOR: SHOW J♣
Mar 20, 2019 6:28:30 PM main.java.com.controller.Protocol writeLog
INFO: SERVIDOR: WINS 2 100
Mar 20, 2019 6:28:35 PM main.java.com.controller.Protocol writeLog
INFO: CLIENTE: RPLY
Mar 20, 2019 6:28:35 PM main.java.com.controller.Protocol writeLog
INFO: SERVIDOR: INIT 100
Mar 20, 2019 6:28:35 PM main.java.com.controller.Protocol writeLog
INFO: SERVIDOR: IDCK 8♣
Mar 20, 2019 6:28:35 PM main.java.com.controller.Protocol writeLog
INFO: SERVIDOR: IDCK J♦
Mar 20, 2019 6:28:35 PM main.java.com.controller.Protocol writeLog
INFO: SERVIDOR: SHOW 10♦
Mar 20, 2019 6:28:35 PM main.java.com.controller.Protocol writeLog
INFO: CLIENTE: CASH
Mar 20, 2019 6:28:35 PM main.java.com.controller.Protocol writeLog
INFO: SERVIDOR: IDCK 8♣
Mar 20, 2019 6:28:35 PM main.java.com.controller.Protocol writeLog
INFO: SERVIDOR: IDCK J♦
Mar 20, 2019 6:28:35 PM main.java.com.controller.Protocol writeLog
INFO: SERVIDOR: SHOW 10♦
Mar 20, 2019 6:28:40 PM main.java.com.controller.Protocol writeLog
INFO: CLIENTE: SHOW
Mar 20, 2019 6:28:40 PM main.java.com.controller.Protocol writeLog
INFO: CLIENTE: SH
Mar 20, 2019 6:28:40 PM main.java.com.controller.Protocol writeLog
INFO: CLIENTE: SD
Mar 20, 2019 6:28:40 PM main.java.com.controller.Protocol writeLog
INFO: SERVIDOR: SHOW 10♦
Mar 20, 2019 6:28:40 PM main.java.com.controller.Protocol writeLog
INFO: SERVIDOR: SHOW 7♥
Mar 20, 2019 6:28:40 PM main.java.com.controller.Protocol writeLog
INFO: SERVIDOR: WINS 2 100
Mar 20, 2019 6:29:01 PM main.java.com.controller.Protocol writeLog
INFO: CLIENTE: RPLY
Mar 20, 2019 6:29:01 PM main.java.com.controller.Protocol writeLog
INFO: SERVIDOR: INIT 100
Mar 20, 2019 6:29:01 PM main.java.com.controller.Protocol writeLog
INFO: SERVIDOR: IDCK 10♠
Mar 20, 2019 6:29:01 PM main.java.com.controller.Protocol writeLog
INFO: SERVIDOR: IDCK Q♠
Mar 20, 2019 6:29:01 PM main.java.com.controller.Protocol writeLog
INFO: SERVIDOR: SHOW J♠
Mar 20, 2019 6:29:01 PM main.java.com.controller.Protocol writeLog
INFO: CLIENTE: CASH
Mar 20, 2019 6:29:01 PM main.java.com.controller.Protocol writeLog
INFO: SERVIDOR: IDCK 10♠
Mar 20, 2019 6:29:01 PM main.java.com.controller.Protocol writeLog
INFO: SERVIDOR: IDCK Q♠
Mar 20, 2019 6:29:01 PM main.java.com.controller.Protocol writeLog
INFO: SERVIDOR: SHOW J♠
Mar 20, 2019 6:29:06 PM main.java.com.controller.Protocol writeLog
INFO: CLIENTE: BETT
Mar 20, 2019 6:29:14 PM main.java.com.controller.Protocol writeLog
INFO: CLIENTE: SHOW
Mar 20, 2019 6:29:14 PM main.java.com.controller.Protocol writeLog
INFO: CLIENTE: SS
Mar 20, 2019 6:29:14 PM main.java.com.controller.Protocol writeLog
INFO: CLIENTE: SS
Mar 20, 2019 6:29:14 PM main.java.com.controller.Protocol writeLog
INFO: SERVIDOR: SHOW J♠
Mar 20, 2019 6:29:14 PM main.java.com.controller.Protocol writeLog
INFO: SERVIDOR: SHOW 5♣
Mar 20, 2019 6:29:14 PM main.java.com.controller.Protocol writeLog
INFO: SERVIDOR: WINS 2 200
Mar 20, 2019 6:30:57 PM main.java.com.controller.Protocol writeLog
INFO: CLIENTE: RPLY
Mar 20, 2019 6:30:57 PM main.java.com.controller.Protocol writeLog
INFO: SERVIDOR: INIT 100
Mar 20, 2019 6:30:57 PM main.java.com.controller.Protocol writeLog
INFO: SERVIDOR: IDCK K♠
Mar 20, 2019 6:30:57 PM main.java.com.controller.Protocol writeLog
INFO: SERVIDOR: IDCK 10♥
Mar 20, 2019 6:30:57 PM main.java.com.controller.Protocol writeLog
INFO: SERVIDOR: SHOW 3♠
Mar 20, 2019 6:30:57 PM main.java.com.controller.Protocol writeLog
INFO: CLIENTE: CASH
Mar 20, 2019 6:30:57 PM main.java.com.controller.Protocol writeLog
INFO: SERVIDOR: IDCK K♠
Mar 20, 2019 6:30:57 PM main.java.com.controller.Protocol writeLog
INFO: SERVIDOR: IDCK 10♥
Mar 20, 2019 6:30:57 PM main.java.com.controller.Protocol writeLog
INFO: SERVIDOR: SHOW 3♠
Mar 20, 2019 6:31:03 PM main.java.com.controller.Protocol writeLog
INFO: CLIENTE: BETT
Mar 20, 2019 6:31:07 PM main.java.com.controller.Protocol writeLog
INFO: CLIENTE: SHOW
Mar 20, 2019 6:31:07 PM main.java.com.controller.Protocol writeLog
INFO: CLIENTE: SS
Mar 20, 2019 6:31:07 PM main.java.com.controller.Protocol writeLog
INFO: CLIENTE: SC
Mar 20, 2019 6:31:07 PM main.java.com.controller.Protocol writeLog
INFO: SERVIDOR: SHOW 3♠
Mar 20, 2019 6:31:07 PM main.java.com.controller.Protocol writeLog
INFO: SERVIDOR: SHOW 8♦
Mar 20, 2019 6:31:07 PM main.java.com.controller.Protocol writeLog
INFO: SERVIDOR: WINS 2 200
