Mar 21, 2019 6:33:20 PM main.java.com.controller.Protocol writeLog
INFO: CLIENTE: STRT
Mar 21, 2019 6:33:20 PM main.java.com.controller.Protocol writeLog
INFO: CLIENTE: 111111
Mar 21, 2019 6:33:20 PM main.java.com.controller.Protocol writeLog
INFO: SERVIDOR: INIT 100
Mar 21, 2019 6:33:20 PM main.java.com.controller.Protocol writeLog
INFO: CLIENTE: CASH
Mar 21, 2019 6:33:20 PM main.java.com.controller.Protocol writeLog
INFO: SERVIDOR: IDCK J♣
Mar 21, 2019 6:33:20 PM main.java.com.controller.Protocol writeLog
INFO: SERVIDOR: IDCK 6♣
Mar 21, 2019 6:33:20 PM main.java.com.controller.Protocol writeLog
INFO: SERVIDOR: SHOW 5♦
Mar 21, 2019 6:33:20 PM main.java.com.controller.Protocol writeLog
INFO: CLIENTE: SHOW
Mar 21, 2019 6:33:20 PM main.java.com.controller.Protocol writeLog
INFO: CLIENTE: S
Mar 21, 2019 6:33:20 PM main.java.com.controller.Protocol writeLog
INFO: CLIENTE: S
Mar 21, 2019 6:33:20 PM main.java.com.controller.Protocol writeLog
INFO: SERVIDOR: SHOW 5♦
Mar 21, 2019 6:33:20 PM main.java.com.controller.Protocol writeLog
INFO: SERVIDOR: SHOW 7♠
Mar 21, 2019 6:33:20 PM main.java.com.controller.Protocol writeLog
INFO: SERVIDOR: SHOW 8♠
Mar 21, 2019 6:33:20 PM main.java.com.controller.Protocol writeLog
INFO: SERVIDOR: WINS 2 100
Mar 21, 2019 6:33:20 PM main.java.com.controller.Protocol writeLog
INFO: CLIENTE: RPLY
Mar 21, 2019 6:33:20 PM main.java.com.controller.Protocol writeLog
INFO: SERVIDOR: INIT 100
Mar 21, 2019 6:33:20 PM main.java.com.controller.Protocol writeLog
INFO: SERVIDOR: IDCK 4♥
Mar 21, 2019 6:33:20 PM main.java.com.controller.Protocol writeLog
INFO: SERVIDOR: IDCK 9♠
Mar 21, 2019 6:33:20 PM main.java.com.controller.Protocol writeLog
INFO: SERVIDOR: SHOW 5♦
Mar 21, 2019 6:33:20 PM main.java.com.controller.Protocol writeLog
INFO: CLIENTE: CASH
Mar 21, 2019 6:33:20 PM main.java.com.controller.Protocol writeLog
INFO: SERVIDOR: IDCK 4♥
Mar 21, 2019 6:33:20 PM main.java.com.controller.Protocol writeLog
INFO: SERVIDOR: IDCK 9♠
Mar 21, 2019 6:33:20 PM main.java.com.controller.Protocol writeLog
INFO: SERVIDOR: SHOW 5♦
Mar 21, 2019 6:33:20 PM main.java.com.controller.Protocol writeLog
INFO: CLIENTE: SHOW
Mar 21, 2019 6:33:20 PM main.java.com.controller.Protocol writeLog
INFO: CLIENTE: D
Mar 21, 2019 6:33:20 PM main.java.com.controller.Protocol writeLog
INFO: CLIENTE: S
Mar 21, 2019 6:33:20 PM main.java.com.controller.Protocol writeLog
INFO: SERVIDOR: SHOW 5♦
Mar 21, 2019 6:33:20 PM main.java.com.controller.Protocol writeLog
INFO: SERVIDOR: SHOW 7♥
Mar 21, 2019 6:33:20 PM main.java.com.controller.Protocol writeLog
INFO: SERVIDOR: SHOW J♥
Mar 21, 2019 6:33:20 PM main.java.com.controller.Protocol writeLog
INFO: SERVIDOR: WINS 2 100
Mar 21, 2019 6:33:20 PM main.java.com.controller.Protocol writeLog
INFO: CLIENTE: EXIT
